This is pdfeTeX, Version 3.141592-1.30.4-2.2 (Web2C 7.5.5) (format=pdflatex 2006.11.6)  21 JAN 2007 21:56
entering extended mode
\write18 enabled.
**template.tex
(./template.tex
LaTeX2e <2003/12/01>
Babel <v3.8d> and hyphenation patterns for american, french, german, ngerman, b
ahasa, basque, bulgarian, catalan, croatian, czech, danish, dutch, esperanto, e
stonian, finnish, greek, icelandic, irish, italian, latin, magyar, norsk, polis
h, portuges, romanian, russian, serbian, slovak, slovene, spanish, swedish, tur
kish, ukrainian, nohyphenation, loaded.
(./thesis.cls
Document Class: thesis 2006/10/01 1.3 (DS)
(/usr/local/teTeX/share/texmf.tetex/tex/latex/base/book.cls
Document Class: book 2004/02/16 v1.4f Standard LaTeX document class
(/usr/local/teTeX/share/texmf.tetex/tex/latex/base/bk12.clo
File: bk12.clo 2004/02/16 v1.4f Standard LaTeX file (size option)
)
\c@part=\count79
\c@chapter=\count80
\c@section=\count81
\c@subsection=\count82
\c@subsubsection=\count83
\c@paragraph=\count84
\c@subparagraph=\count85
\c@figure=\count86
\c@table=\count87
\abovecaptionskip=\skip41
\belowcaptionskip=\skip42
\bibindent=\dimen102
)
(/usr/local/teTeX/share/texmf.tetex/tex/latex/graphics/graphicx.sty
Package: graphicx 1999/02/16 v1.0f Enhanced LaTeX Graphics (DPC,SPQR)

(/usr/local/teTeX/share/texmf.tetex/tex/latex/graphics/keyval.sty
Package: keyval 1999/03/16 v1.13 key=value parser (DPC)
\KV@toks@=\toks14
)
(/usr/local/teTeX/share/texmf.tetex/tex/latex/graphics/graphics.sty
Package: graphics 2001/07/07 v1.0n Standard LaTeX Graphics (DPC,SPQR)

(/usr/local/teTeX/share/texmf.tetex/tex/latex/graphics/trig.sty
Package: trig 1999/03/16 v1.09 sin cos tan (DPC)
)
(/usr/local/teTeX/share/texmf.tetex/tex/latex/graphics/graphics.cfg
File: graphics.cfg 2005/02/03 v1.3 graphics configuration of teTeX/TeXLive
)
Package graphics Info: Driver file: pdftex.def on input line 80.

(/usr/local/teTeX/share/texmf.tetex/tex/latex/graphics/pdftex.def
File: pdftex.def 2002/06/19 v0.03k graphics/color for pdftex
\Gread@gobject=\count88
))
\Gin@req@height=\dimen103
\Gin@req@width=\dimen104
)
(/usr/local/teTeX/share/texmf.tetex/tex/latex/graphics/color.sty
Package: color 1999/02/16 v1.0i Standard LaTeX Color (DPC)

(/usr/local/teTeX/share/texmf.tetex/tex/latex/graphics/color.cfg
File: color.cfg 2005/02/03 v1.3 color configuration of teTeX/TeXLive
)
Package color Info: Driver file: pdftex.def on input line 125.
)
(/usr/local/teTeX/share/texmf.tetex/tex/latex/txfonts/txfonts.sty
Package: txfonts 2005/01/03 v3.2
LaTeX Font Info:    Redeclaring symbol font `operators' on input line 20.
LaTeX Font Info:    Overwriting symbol font `operators' in version `normal'
(Font)                  OT1/cmr/m/n --> OT1/txr/m/n on input line 20.
LaTeX Font Info:    Overwriting symbol font `operators' in version `bold'
(Font)                  OT1/cmr/bx/n --> OT1/txr/m/n on input line 20.
LaTeX Font Info:    Overwriting symbol font `operators' in version `bold'
(Font)                  OT1/txr/m/n --> OT1/txr/bx/n on input line 21.
\symitalic=\mathgroup4
LaTeX Font Info:    Overwriting symbol font `italic' in version `bold'
(Font)                  OT1/txr/m/it --> OT1/txr/bx/it on input line 25.
LaTeX Font Info:    Redeclaring math alphabet \mathrm on input line 27.
LaTeX Font Info:    Redeclaring math alphabet \mathbf on input line 28.
LaTeX Font Info:    Overwriting math alphabet `\mathbf' in version `normal'
(Font)                  OT1/cmr/bx/n --> OT1/txr/bx/n on input line 28.
LaTeX Font Info:    Overwriting math alphabet `\mathbf' in version `bold'
(Font)                  OT1/cmr/bx/n --> OT1/txr/bx/n on input line 28.
LaTeX Font Info:    Redeclaring math alphabet \mathit on input line 29.
LaTeX Font Info:    Overwriting math alphabet `\mathit' in version `normal'
(Font)                  OT1/cmr/m/it --> OT1/txr/m/it on input line 29.
LaTeX Font Info:    Overwriting math alphabet `\mathit' in version `bold'
(Font)                  OT1/cmr/bx/it --> OT1/txr/m/it on input line 29.
LaTeX Font Info:    Overwriting math alphabet `\mathit' in version `bold'
(Font)                  OT1/txr/m/it --> OT1/txr/bx/it on input line 30.
LaTeX Font Info:    Redeclaring math alphabet \mathsf on input line 39.
LaTeX Font Info:    Overwriting math alphabet `\mathsf' in version `normal'
(Font)                  OT1/cmss/m/n --> OT1/txss/m/n on input line 39.
LaTeX Font Info:    Overwriting math alphabet `\mathsf' in version `bold'
(Font)                  OT1/cmss/bx/n --> OT1/txss/m/n on input line 39.
LaTeX Font Info:    Overwriting math alphabet `\mathsf' in version `bold'
(Font)                  OT1/txss/m/n --> OT1/txss/b/n on input line 40.
LaTeX Font Info:    Redeclaring math alphabet \mathtt on input line 49.
LaTeX Font Info:    Overwriting math alphabet `\mathtt' in version `normal'
(Font)                  OT1/cmtt/m/n --> OT1/txtt/m/n on input line 49.
LaTeX Font Info:    Overwriting math alphabet `\mathtt' in version `bold'
(Font)                  OT1/cmtt/m/n --> OT1/txtt/m/n on input line 49.
LaTeX Font Info:    Overwriting math alphabet `\mathtt' in version `bold'
(Font)                  OT1/txtt/m/n --> OT1/txtt/b/n on input line 50.
LaTeX Font Info:    Redeclaring symbol font `letters' on input line 57.
LaTeX Font Info:    Overwriting symbol font `letters' in version `normal'
(Font)                  OML/cmm/m/it --> OML/txmi/m/it on input line 57.
LaTeX Font Info:    Overwriting symbol font `letters' in version `bold'
(Font)                  OML/cmm/b/it --> OML/txmi/m/it on input line 57.
LaTeX Font Info:    Overwriting symbol font `letters' in version `bold'
(Font)                  OML/txmi/m/it --> OML/txmi/bx/it on input line 58.
\symlettersA=\mathgroup5
LaTeX Font Info:    Overwriting symbol font `lettersA' in version `bold'
(Font)                  U/txmia/m/it --> U/txmia/bx/it on input line 66.
LaTeX Font Info:    Redeclaring symbol font `symbols' on input line 76.
LaTeX Font Info:    Overwriting symbol font `symbols' in version `normal'
(Font)                  OMS/cmsy/m/n --> OMS/txsy/m/n on input line 76.
LaTeX Font Info:    Overwriting symbol font `symbols' in version `bold'
(Font)                  OMS/cmsy/b/n --> OMS/txsy/m/n on input line 76.
LaTeX Font Info:    Overwriting symbol font `symbols' in version `bold'
(Font)                  OMS/txsy/m/n --> OMS/txsy/bx/n on input line 77.
\symAMSa=\mathgroup6
LaTeX Font Info:    Overwriting symbol font `AMSa' in version `bold'
(Font)                  U/txsya/m/n --> U/txsya/bx/n on input line 93.
\symAMSb=\mathgroup7
LaTeX Font Info:    Overwriting symbol font `AMSb' in version `bold'
(Font)                  U/txsyb/m/n --> U/txsyb/bx/n on input line 102.
\symsymbolsC=\mathgroup8
LaTeX Font Info:    Overwriting symbol font `symbolsC' in version `bold'
(Font)                  U/txsyc/m/n --> U/txsyc/bx/n on input line 112.
LaTeX Font Info:    Redeclaring symbol font `largesymbols' on input line 119.
LaTeX Font Info:    Overwriting symbol font `largesymbols' in version `normal'
(Font)                  OMX/cmex/m/n --> OMX/txex/m/n on input line 119.
LaTeX Font Info:    Overwriting symbol font `largesymbols' in version `bold'
(Font)                  OMX/cmex/m/n --> OMX/txex/m/n on input line 119.
LaTeX Font Info:    Overwriting symbol font `largesymbols' in version `bold'
(Font)                  OMX/txex/m/n --> OMX/txex/bx/n on input line 120.
\symlargesymbolsA=\mathgroup9
LaTeX Font Info:    Overwriting symbol font `largesymbolsA' in version `bold'
(Font)                  U/txexa/m/n --> U/txexa/bx/n on input line 128.
LaTeX Info: Redefining \not on input line 1042.
)
(./natbib.sty
Package: natbib 2003/06/06 7.1 (PWD)
\bibhang=\skip43
\bibsep=\skip44
LaTeX Info: Redefining \cite on input line 518.
\c@NAT@ctr=\count89
) (./fancyhdr.sty
\fancy@headwidth=\skip45
\f@ncyO@elh=\skip46
\f@ncyO@erh=\skip47
\f@ncyO@olh=\skip48
\f@ncyO@orh=\skip49
\f@ncyO@elf=\skip50
\f@ncyO@erf=\skip51
\f@ncyO@olf=\skip52
\f@ncyO@orf=\skip53
) (./tocbibind.sty
Package: tocbibind 2003/03/13 v1.5g extra ToC listings


Package tocbibind Note: The document has chapter divisions.


Package tocbibind Note: Using chapter style headings, unless overridden.

) (/usr/local/teTeX/share/texmf.tetex/tex/latex/base/fontenc.sty
Package: fontenc 2004/02/22 v1.99f Standard LaTeX package

(/usr/local/teTeX/share/texmf.tetex/tex/latex/base/t1enc.def
File: t1enc.def 2004/02/22 v1.99f Standard LaTeX file
LaTeX Font Info:    Redeclaring font encoding T1 on input line 43.
))
(/usr/local/teTeX/share/texmf.tetex/tex/latex/url/url.sty
\Urlmuskip=\muskip10
Package: url 2004/03/15  ver 3.1  Verb mode for urls, etc.
)
(/usr/local/teTeX/share/texmf.tetex/tex/latex/amsfonts/amssymb.sty
Package: amssymb 2002/01/22 v2.2d

(/usr/local/teTeX/share/texmf.tetex/tex/latex/amsfonts/amsfonts.sty
Package: amsfonts 2001/10/25 v2.2f
\@emptytoks=\toks15
LaTeX Font Info:    Redeclaring symbol font `AMSa' on input line 85.
LaTeX Font Info:    Overwriting symbol font `AMSa' in version `normal'
(Font)                  U/txsya/m/n --> U/msa/m/n on input line 85.
LaTeX Font Info:    Overwriting symbol font `AMSa' in version `bold'
(Font)                  U/txsya/bx/n --> U/msa/m/n on input line 85.
LaTeX Font Info:    Redeclaring symbol font `AMSb' on input line 86.
LaTeX Font Info:    Overwriting symbol font `AMSb' in version `normal'
(Font)                  U/txsyb/m/n --> U/msb/m/n on input line 86.
LaTeX Font Info:    Overwriting symbol font `AMSb' in version `bold'
(Font)                  U/txsyb/bx/n --> U/msb/m/n on input line 86.
LaTeX Font Info:    Redeclaring math delimiter \ulcorner on input line 100.
LaTeX Font Info:    Redeclaring math delimiter \urcorner on input line 101.
LaTeX Font Info:    Redeclaring math delimiter \llcorner on input line 102.
LaTeX Font Info:    Redeclaring math delimiter \lrcorner on input line 103.
LaTeX Font Info:    Redeclaring math alphabet \mathfrak on input line 131.
LaTeX Font Info:    Overwriting math alphabet `\mathfrak' in version `bold'
(Font)                  U/euf/m/n --> U/euf/b/n on input line 132.
LaTeX Font Info:    Redeclaring math alphabet \mathbb on input line 133.
LaTeX Font Info:    Redeclaring math symbol \square on input line 164.
LaTeX Font Info:    Redeclaring math symbol \lozenge on input line 165.
LaTeX Font Info:    Redeclaring math symbol \vartriangleright on input line 166
.
LaTeX Font Info:    Redeclaring math symbol \vartriangleleft on input line 167.

LaTeX Font Info:    Redeclaring math symbol \trianglerighteq on input line 168.

LaTeX Font Info:    Redeclaring math symbol \trianglelefteq on input line 169.
LaTeX Font Info:    Redeclaring math symbol \rightsquigarrow on input line 170.

)
LaTeX Font Info:    Redeclaring math symbol \boxdot on input line 60.
LaTeX Font Info:    Redeclaring math symbol \boxplus on input line 61.
LaTeX Font Info:    Redeclaring math symbol \boxtimes on input line 62.
LaTeX Font Info:    Redeclaring math symbol \blacksquare on input line 64.
LaTeX Font Info:    Redeclaring math symbol \centerdot on input line 65.
LaTeX Font Info:    Redeclaring math symbol \blacklozenge on input line 67.
LaTeX Font Info:    Redeclaring math symbol \circlearrowright on input line 68.

LaTeX Font Info:    Redeclaring math symbol \circlearrowleft on input line 69.
LaTeX Font Info:    Redeclaring math symbol \leftrightharpoons on input line 72
.
LaTeX Font Info:    Redeclaring math symbol \boxminus on input line 73.
LaTeX Font Info:    Redeclaring math symbol \Vdash on input line 74.
LaTeX Font Info:    Redeclaring math symbol \Vvdash on input line 75.
LaTeX Font Info:    Redeclaring math symbol \vDash on input line 76.
LaTeX Font Info:    Redeclaring math symbol \twoheadrightarrow on input line 77
.
LaTeX Font Info:    Redeclaring math symbol \twoheadleftarrow on input line 78.

LaTeX Font Info:    Redeclaring math symbol \leftleftarrows on input line 79.
LaTeX Font Info:    Redeclaring math symbol \rightrightarrows on input line 80.

LaTeX Font Info:    Redeclaring math symbol \upuparrows on input line 81.
LaTeX Font Info:    Redeclaring math symbol \downdownarrows on input line 82.
LaTeX Font Info:    Redeclaring math symbol \upharpoonright on input line 83.
LaTeX Font Info:    Redeclaring math symbol \downharpoonright on input line 85.

LaTeX Font Info:    Redeclaring math symbol \upharpoonleft on input line 86.
LaTeX Font Info:    Redeclaring math symbol \downharpoonleft on input line 87.
LaTeX Font Info:    Redeclaring math symbol \rightarrowtail on input line 88.
LaTeX Font Info:    Redeclaring math symbol \leftarrowtail on input line 89.
LaTeX Font Info:    Redeclaring math symbol \leftrightarrows on input line 90.
LaTeX Font Info:    Redeclaring math symbol \rightleftarrows on input line 91.
LaTeX Font Info:    Redeclaring math symbol \Lsh on input line 92.
LaTeX Font Info:    Redeclaring math symbol \Rsh on input line 93.
LaTeX Font Info:    Redeclaring math symbol \leftrightsquigarrow on input line 
95.
LaTeX Font Info:    Redeclaring math symbol \looparrowleft on input line 96.
LaTeX Font Info:    Redeclaring math symbol \looparrowright on input line 97.
LaTeX Font Info:    Redeclaring math symbol \circeq on input line 98.
LaTeX Font Info:    Redeclaring math symbol \succsim on input line 99.
LaTeX Font Info:    Redeclaring math symbol \gtrsim on input line 100.
LaTeX Font Info:    Redeclaring math symbol \gtrapprox on input line 101.
LaTeX Font Info:    Redeclaring math symbol \multimap on input line 102.
LaTeX Font Info:    Redeclaring math symbol \therefore on input line 103.
LaTeX Font Info:    Redeclaring math symbol \because on input line 104.
LaTeX Font Info:    Redeclaring math symbol \doteqdot on input line 105.
LaTeX Font Info:    Redeclaring math symbol \triangleq on input line 107.
LaTeX Font Info:    Redeclaring math symbol \precsim on input line 108.
LaTeX Font Info:    Redeclaring math symbol \lesssim on input line 109.
LaTeX Font Info:    Redeclaring math symbol \lessapprox on input line 110.
LaTeX Font Info:    Redeclaring math symbol \eqslantless on input line 111.
LaTeX Font Info:    Redeclaring math symbol \eqslantgtr on input line 112.
LaTeX Font Info:    Redeclaring math symbol \curlyeqprec on input line 113.
LaTeX Font Info:    Redeclaring math symbol \curlyeqsucc on input line 114.
LaTeX Font Info:    Redeclaring math symbol \preccurlyeq on input line 115.
LaTeX Font Info:    Redeclaring math symbol \leqq on input line 116.
LaTeX Font Info:    Redeclaring math symbol \leqslant on input line 117.
LaTeX Font Info:    Redeclaring math symbol \lessgtr on input line 118.
LaTeX Font Info:    Redeclaring math symbol \backprime on input line 119.
LaTeX Font Info:    Redeclaring math symbol \risingdotseq on input line 120.
LaTeX Font Info:    Redeclaring math symbol \fallingdotseq on input line 121.
LaTeX Font Info:    Redeclaring math symbol \succcurlyeq on input line 122.
LaTeX Font Info:    Redeclaring math symbol \geqq on input line 123.
LaTeX Font Info:    Redeclaring math symbol \geqslant on input line 124.
LaTeX Font Info:    Redeclaring math symbol \gtrless on input line 125.
LaTeX Font Info:    Redeclaring math symbol \bigstar on input line 133.
LaTeX Font Info:    Redeclaring math symbol \between on input line 134.
LaTeX Font Info:    Redeclaring math symbol \blacktriangledown on input line 13
5.
LaTeX Font Info:    Redeclaring math symbol \blacktriangleright on input line 1
36.
LaTeX Font Info:    Redeclaring math symbol \blacktriangleleft on input line 13
7.
LaTeX Font Info:    Redeclaring math symbol \vartriangle on input line 138.
LaTeX Font Info:    Redeclaring math symbol \blacktriangle on input line 139.
LaTeX Font Info:    Redeclaring math symbol \triangledown on input line 140.
LaTeX Font Info:    Redeclaring math symbol \eqcirc on input line 141.
LaTeX Font Info:    Redeclaring math symbol \lesseqgtr on input line 142.
LaTeX Font Info:    Redeclaring math symbol \gtreqless on input line 143.
LaTeX Font Info:    Redeclaring math symbol \lesseqqgtr on input line 144.
LaTeX Font Info:    Redeclaring math symbol \gtreqqless on input line 145.
LaTeX Font Info:    Redeclaring math symbol \Rrightarrow on input line 146.
LaTeX Font Info:    Redeclaring math symbol \Lleftarrow on input line 147.
LaTeX Font Info:    Redeclaring math symbol \veebar on input line 148.
LaTeX Font Info:    Redeclaring math symbol \barwedge on input line 149.
LaTeX Font Info:    Redeclaring math symbol \doublebarwedge on input line 150.
LaTeX Font Info:    Redeclaring math symbol \measuredangle on input line 153.
LaTeX Font Info:    Redeclaring math symbol \sphericalangle on input line 154.
LaTeX Font Info:    Redeclaring math symbol \varpropto on input line 155.
LaTeX Font Info:    Redeclaring math symbol \smallsmile on input line 156.
LaTeX Font Info:    Redeclaring math symbol \smallfrown on input line 157.
LaTeX Font Info:    Redeclaring math symbol \Subset on input line 158.
LaTeX Font Info:    Redeclaring math symbol \Supset on input line 159.
LaTeX Font Info:    Redeclaring math symbol \Cup on input line 160.
LaTeX Font Info:    Redeclaring math symbol \Cap on input line 162.
LaTeX Font Info:    Redeclaring math symbol \curlywedge on input line 164.
LaTeX Font Info:    Redeclaring math symbol \curlyvee on input line 165.
LaTeX Font Info:    Redeclaring math symbol \leftthreetimes on input line 166.
LaTeX Font Info:    Redeclaring math symbol \rightthreetimes on input line 167.

LaTeX Font Info:    Redeclaring math symbol \subseteqq on input line 168.
LaTeX Font Info:    Redeclaring math symbol \supseteqq on input line 169.
LaTeX Font Info:    Redeclaring math symbol \bumpeq on input line 170.
LaTeX Font Info:    Redeclaring math symbol \Bumpeq on input line 171.
LaTeX Font Info:    Redeclaring math symbol \lll on input line 172.
LaTeX Font Info:    Redeclaring math symbol \ggg on input line 174.
LaTeX Font Info:    Redeclaring math symbol \circledS on input line 176.
LaTeX Font Info:    Redeclaring math symbol \pitchfork on input line 177.
LaTeX Font Info:    Redeclaring math symbol \dotplus on input line 178.
LaTeX Font Info:    Redeclaring math symbol \backsim on input line 179.
LaTeX Font Info:    Redeclaring math symbol \backsimeq on input line 180.
LaTeX Font Info:    Redeclaring math symbol \complement on input line 181.
LaTeX Font Info:    Redeclaring math symbol \intercal on input line 182.
LaTeX Font Info:    Redeclaring math symbol \circledcirc on input line 183.
LaTeX Font Info:    Redeclaring math symbol \circledast on input line 184.
LaTeX Font Info:    Redeclaring math symbol \circleddash on input line 185.
LaTeX Font Info:    Redeclaring math symbol \lvertneqq on input line 187.
LaTeX Font Info:    Redeclaring math symbol \gvertneqq on input line 188.
LaTeX Font Info:    Redeclaring math symbol \nleq on input line 189.
LaTeX Font Info:    Redeclaring math symbol \ngeq on input line 190.
LaTeX Font Info:    Redeclaring math symbol \nless on input line 191.
LaTeX Font Info:    Redeclaring math symbol \ngtr on input line 192.
LaTeX Font Info:    Redeclaring math symbol \nprec on input line 193.
LaTeX Font Info:    Redeclaring math symbol \nsucc on input line 194.
LaTeX Font Info:    Redeclaring math symbol \lneqq on input line 195.
LaTeX Font Info:    Redeclaring math symbol \gneqq on input line 196.
LaTeX Font Info:    Redeclaring math symbol \nleqslant on input line 197.
LaTeX Font Info:    Redeclaring math symbol \ngeqslant on input line 198.
LaTeX Font Info:    Redeclaring math symbol \lneq on input line 199.
LaTeX Font Info:    Redeclaring math symbol \gneq on input line 200.
LaTeX Font Info:    Redeclaring math symbol \npreceq on input line 201.
LaTeX Font Info:    Redeclaring math symbol \nsucceq on input line 202.
LaTeX Font Info:    Redeclaring math symbol \precnsim on input line 203.
LaTeX Font Info:    Redeclaring math symbol \succnsim on input line 204.
LaTeX Font Info:    Redeclaring math symbol \lnsim on input line 205.
LaTeX Font Info:    Redeclaring math symbol \gnsim on input line 206.
LaTeX Font Info:    Redeclaring math symbol \nleqq on input line 207.
LaTeX Font Info:    Redeclaring math symbol \ngeqq on input line 208.
LaTeX Font Info:    Redeclaring math symbol \precneqq on input line 209.
LaTeX Font Info:    Redeclaring math symbol \succneqq on input line 210.
LaTeX Font Info:    Redeclaring math symbol \precnapprox on input line 211.
LaTeX Font Info:    Redeclaring math symbol \succnapprox on input line 212.
LaTeX Font Info:    Redeclaring math symbol \lnapprox on input line 213.
LaTeX Font Info:    Redeclaring math symbol \gnapprox on input line 214.
LaTeX Font Info:    Redeclaring math symbol \nsim on input line 215.
LaTeX Font Info:    Redeclaring math symbol \ncong on input line 216.
LaTeX Font Info:    Redeclaring math symbol \diagup on input line 217.
LaTeX Font Info:    Redeclaring math symbol \diagdown on input line 218.
LaTeX Font Info:    Redeclaring math symbol \varsubsetneq on input line 219.
LaTeX Font Info:    Redeclaring math symbol \varsupsetneq on input line 220.
LaTeX Font Info:    Redeclaring math symbol \nsubseteqq on input line 221.
LaTeX Font Info:    Redeclaring math symbol \nsupseteqq on input line 222.
LaTeX Font Info:    Redeclaring math symbol \subsetneqq on input line 223.
LaTeX Font Info:    Redeclaring math symbol \supsetneqq on input line 224.
LaTeX Font Info:    Redeclaring math symbol \varsubsetneqq on input line 225.
LaTeX Font Info:    Redeclaring math symbol \varsupsetneqq on input line 226.
LaTeX Font Info:    Redeclaring math symbol \subsetneq on input line 227.
LaTeX Font Info:    Redeclaring math symbol \supsetneq on input line 228.
LaTeX Font Info:    Redeclaring math symbol \nsubseteq on input line 229.
LaTeX Font Info:    Redeclaring math symbol \nsupseteq on input line 230.
LaTeX Font Info:    Redeclaring math symbol \nparallel on input line 231.
LaTeX Font Info:    Redeclaring math symbol \nmid on input line 232.
LaTeX Font Info:    Redeclaring math symbol \nshortmid on input line 233.
LaTeX Font Info:    Redeclaring math symbol \nshortparallel on input line 234.
LaTeX Font Info:    Redeclaring math symbol \nvdash on input line 235.
LaTeX Font Info:    Redeclaring math symbol \nVdash on input line 236.
LaTeX Font Info:    Redeclaring math symbol \nvDash on input line 237.
LaTeX Font Info:    Redeclaring math symbol \nVDash on input line 238.
LaTeX Font Info:    Redeclaring math symbol \ntrianglerighteq on input line 239
.
LaTeX Font Info:    Redeclaring math symbol \ntrianglelefteq on input line 240.

LaTeX Font Info:    Redeclaring math symbol \ntriangleleft on input line 241.
LaTeX Font Info:    Redeclaring math symbol \ntriangleright on input line 242.
LaTeX Font Info:    Redeclaring math symbol \nleftarrow on input line 243.
LaTeX Font Info:    Redeclaring math symbol \nrightarrow on input line 244.
LaTeX Font Info:    Redeclaring math symbol \nLeftarrow on input line 245.
LaTeX Font Info:    Redeclaring math symbol \nRightarrow on input line 246.
LaTeX Font Info:    Redeclaring math symbol \nLeftrightarrow on input line 247.

LaTeX Font Info:    Redeclaring math symbol \nleftrightarrow on input line 248.

LaTeX Font Info:    Redeclaring math symbol \divideontimes on input line 249.
LaTeX Font Info:    Redeclaring math symbol \varnothing on input line 250.
LaTeX Font Info:    Redeclaring math symbol \nexists on input line 251.
LaTeX Font Info:    Redeclaring math symbol \Finv on input line 252.
LaTeX Font Info:    Redeclaring math symbol \Game on input line 253.
LaTeX Font Info:    Redeclaring math symbol \eth on input line 256.
LaTeX Font Info:    Redeclaring math symbol \eqsim on input line 257.
LaTeX Font Info:    Redeclaring math symbol \beth on input line 258.
LaTeX Font Info:    Redeclaring math symbol \gimel on input line 259.
LaTeX Font Info:    Redeclaring math symbol \daleth on input line 260.
LaTeX Font Info:    Redeclaring math symbol \lessdot on input line 261.
LaTeX Font Info:    Redeclaring math symbol \gtrdot on input line 262.
LaTeX Font Info:    Redeclaring math symbol \ltimes on input line 263.
LaTeX Font Info:    Redeclaring math symbol \rtimes on input line 264.
LaTeX Font Info:    Redeclaring math symbol \shortmid on input line 265.
LaTeX Font Info:    Redeclaring math symbol \shortparallel on input line 266.
LaTeX Font Info:    Redeclaring math symbol \smallsetminus on input line 267.
LaTeX Font Info:    Redeclaring math symbol \thicksim on input line 268.
LaTeX Font Info:    Redeclaring math symbol \thickapprox on input line 269.
LaTeX Font Info:    Redeclaring math symbol \approxeq on input line 270.
LaTeX Font Info:    Redeclaring math symbol \succapprox on input line 271.
LaTeX Font Info:    Redeclaring math symbol \precapprox on input line 272.
LaTeX Font Info:    Redeclaring math symbol \curvearrowleft on input line 273.
LaTeX Font Info:    Redeclaring math symbol \curvearrowright on input line 274.

LaTeX Font Info:    Redeclaring math symbol \digamma on input line 275.
LaTeX Font Info:    Redeclaring math symbol \varkappa on input line 276.
LaTeX Font Info:    Redeclaring math symbol \Bbbk on input line 277.
LaTeX Font Info:    Redeclaring math symbol \hslash on input line 278.
LaTeX Font Info:    Redeclaring math symbol \backepsilon on input line 281.
)
(/usr/local/teTeX/share/texmf.tetex/tex/latex/base/ifthen.sty
Package: ifthen 2001/05/26 v1.1c Standard LaTeX ifthen package (DPC)
)
(/usr/local/teTeX/share/texmf.tetex/tex/latex/tools/array.sty
Package: array 2003/12/17 v2.4a Tabular extension package (FMi)
\col@sep=\dimen105
\extrarowheight=\dimen106
\NC@list=\toks16
\extratabsurround=\skip54
\backup@length=\skip55
)
(/usr/local/teTeX/share/texmf.tetex/tex/latex/tools/multicol.sty
Package: multicol 2004/02/14 v1.6e multicolumn formatting (FMi)
\c@tracingmulticols=\count90
\mult@box=\box26
\multicol@leftmargin=\dimen107
\c@unbalance=\count91
\c@collectmore=\count92
\doublecol@number=\count93
\multicoltolerance=\count94
\multicolpretolerance=\count95
\full@width=\dimen108
\page@free=\dimen109
\premulticols=\dimen110
\postmulticols=\dimen111
\multicolsep=\skip56
\multicolbaselineskip=\skip57
\partial@page=\box27
\last@line=\box28
\mult@rightbox=\box29
\mult@grightbox=\box30
\mult@gfirstbox=\box31
\mult@firstbox=\box32
\@tempa=\box33
\@tempa=\box34
\@tempa=\box35
\@tempa=\box36
\@tempa=\box37
\@tempa=\box38
\@tempa=\box39
\@tempa=\box40
\@tempa=\box41
\@tempa=\box42
\@tempa=\box43
\@tempa=\box44
\@tempa=\box45
\@tempa=\box46
\@tempa=\box47
\@tempa=\box48
\@tempa=\box49
\c@columnbadness=\count96
\c@finalcolumnbadness=\count97
\last@try=\dimen112
\multicolovershoot=\dimen113
\multicolundershoot=\dimen114
\mult@nat@firstbox=\box50
\colbreak@box=\box51
))
(./template.aux (./firstpage.aux) (./secondpage.aux))
\openout1 = `template.aux'.

LaTeX Font Info:    Checking defaults for OML/txmi/m/it on input line 15.
LaTeX Font Info:    Try loading font information for OML+txmi on input line 15.


(/usr/local/teTeX/share/texmf.tetex/tex/latex/txfonts/omltxmi.fd
File: omltxmi.fd 2000/12/15 v3.1
)
LaTeX Font Info:    ... okay on input line 15.
LaTeX Font Info:    Checking defaults for T1/cmr/m/n on input line 15.
LaTeX Font Info:    ... okay on input line 15.
LaTeX Font Info:    Checking defaults for OT1/cmr/m/n on input line 15.
LaTeX Font Info:    ... okay on input line 15.
LaTeX Font Info:    Checking defaults for OMS/txsy/m/n on input line 15.
LaTeX Font Info:    Try loading font information for OMS+txsy on input line 15.


(/usr/local/teTeX/share/texmf.tetex/tex/latex/txfonts/omstxsy.fd
File: omstxsy.fd 2000/12/15 v3.1
)
LaTeX Font Info:    ... okay on input line 15.
LaTeX Font Info:    Checking defaults for OMX/txex/m/n on input line 15.
LaTeX Font Info:    Try loading font information for OMX+txex on input line 15.


(/usr/local/teTeX/share/texmf.tetex/tex/latex/txfonts/omxtxex.fd
File: omxtxex.fd 2000/12/15 v3.1
)
LaTeX Font Info:    ... okay on input line 15.
LaTeX Font Info:    Checking defaults for U/txexa/m/n on input line 15.
LaTeX Font Info:    Try loading font information for U+txexa on input line 15.

(/usr/local/teTeX/share/texmf.tetex/tex/latex/txfonts/utxexa.fd
File: utxexa.fd 2000/12/15 v3.1
)
LaTeX Font Info:    ... okay on input line 15.
LaTeX Font Info:    Try loading font information for T1+txr on input line 15.

(/usr/local/teTeX/share/texmf.tetex/tex/latex/txfonts/t1txr.fd
File: t1txr.fd 2000/12/15 v3.1
)
(/usr/local/teTeX/share/texmf.tetex/tex/context/base/supp-pdf.tex
(/usr/local/teTeX/share/texmf.tetex/tex/context/base/supp-mis.tex
loading : Context Support Macros / Miscellaneous (2004.10.26)
\protectiondepth=\count98
\scratchcounter=\count99
\scratchtoks=\toks17
\scratchdimen=\dimen115
\scratchskip=\skip58
\scratchmuskip=\muskip11
\scratchbox=\box52
\scratchread=\read1
\scratchwrite=\write3
\zeropoint=\dimen116
\onepoint=\dimen117
\onebasepoint=\dimen118
\minusone=\count100
\thousandpoint=\dimen119
\onerealpoint=\dimen120
\emptytoks=\toks18
\nextbox=\box53
\nextdepth=\dimen121
\everyline=\toks19
\!!counta=\count101
\!!countb=\count102
\recursecounter=\count103
)
loading : Context Support Macros / PDF (2004.03.26)
\nofMPsegments=\count104
\nofMParguments=\count105
\MPscratchCnt=\count106
\MPscratchDim=\dimen122
\MPnumerator=\count107
\everyMPtoPDFconversion=\toks20
)
\openout2 = `firstpage.aux'.

 (./firstpage.tex)
\openout2 = `secondpage.aux'.

 (./secondpage.tex) [1





{/usr/local/teTeX/share/texmf.local/fonts/map/pdftex/updmap/pdftex.map}] [2


] (./template.toc)
\tf@toc=\write4
\openout4 = `template.toc'.

 [3] [4

] [5] [6

]
 1.
[7] [8

]
 2.
[9] [10

]
 A.
[11] [12

] [13] [14

] [15] [16

] [17] [18

] [19] (./template.aux (./firstpage.aux)
(./secondpage.aux)) ) 
Here is how much of TeX's memory you used:
 2636 strings out of 94424
 30408 string characters out of 1172363
 2076162 words of memory out of 4527808
 5818 multiletter control sequences out of 10000+50000
 15426 words of font info for 26 fonts, out of 2000000 for 2000
 582 hyphenation exceptions out of 5000
 33i,11n,45p,237b,289s stack positions out of 5000i,500n,6000p,200000b,40000s
PDF statistics:
 67 PDF objects out of 300000
 0 named destinations out of 131072
 1 words of extra memory for PDF output out of 10000
{/usr/local/teTeX/share/texmf.tetex/fonts/enc/dvips/psnfss
/8r.enc}</usr/local/teTeX/share/texmf.tetex/fonts/type1/urw/times/utmb8a.pfb></
usr/local/teTeX/share/texmf.tetex/fonts/type1/urw/times/utmr8a.pfb>
Output written on template.pdf (19 pages, 39130 bytes).
